INFO - Processing URLs from: jdbc:mysql://127.0.0.1/yatego?user=root&password=micha
INFO - Extracting URLs...
INFO - Elapsed time: 272 milliseconds...
INFO - Now processing 10 images...
DEBUG - Creating child thread: Thread[a62cbf31-1b77-4684-82b3-a407656a4ca3,5,main]
DEBUG - Processing: http://picture.yatego.com/images/4a3f994d209955.3/1304324-kqh/pulp-fiction--collector-s-edition-.jpg...
DEBUG - Creating child thread: Thread[df57d5ff-5fb9-4237-9355-17a8cab6bb98,5,main]
DEBUG - Processing: http://picture.yatego.com/images/4a3f994d209955.3/4785782-kqh/anti-stress-yoga-dvd-m-cd-a-.jpg...
DEBUG - Creating child thread: Thread[6fd82d8a-eb87-4b13-8434-e526986089a6,5,main]
DEBUG - Processing: http://picture.yatego.com/images/4a3f994d209955.3/1328426-kqh/no-better-cd-a-6132842.jpg...
DEBUG - Creating child thread: Thread[169328e5-cc29-4b27-8ee7-d4ee4258eb70,5,main]
DEBUG - Processing: http://picture.yatego.com/images/4a3f994d209955.3/1867826-kqh/unlock-your-mind--1-audio-cd.jpg...
DEBUG - Creating child thread: Thread[136a92e2-2f68-48e0-b547-ce266cb5a022,5,main]
DEBUG - Processing: http://picture.yatego.com/images/4a12acf7241ed4.7/0012795160128-kqh/tischdeko-sch%DCssel-orange-halloween.jpg...
DEBUG - Creating child thread: Thread[fd5789ee-1eaf-43da-b396-333c9c10de2c,5,main]
DEBUG - Processing: http://picture.yatego.com/images/4a12acf7241ed4.7/0012795160166-kqh/tischdeko-sch%DCssel-schwarz-halloween.jpg...
DEBUG - Creating child thread: Thread[0c61ee56-c3ac-4a8d-9715-a3d79291b780,5,main]
DEBUG - Processing: http://picture.yatego.com/images/4a12acf7241ed4.7/0012795909123-kqh/tischdeko-teller-orange-halloween.jpg...
DEBUG - Creating child thread: Thread[d9f4b667-ea07-4c86-98a8-cc48337dd4eb,5,main]
DEBUG - Processing: http://picture.yatego.com/images/4a12acf7241ed4.7/0012795909161-kqh/tischdeko-teller-schwarz--halloween-deko.jpg...
DEBUG - Creating child thread: Thread[bd7bdc38-4fd2-4b8a-8954-50f9d2c8dedc,5,main]
DEBUG - Processing: http://picture.yatego.com/images/4a12acf7241ed4.7/big_0013051251109-kqh/20-servietten-cuddly-creature-halloween-tischdeko.jpg...
DEBUG - Creating child thread: Thread[e59262f8-cb7a-445e-a30e-70485da047ce,5,main]
DEBUG - Processing: http://picture.yatego.com/images/4a12acf7241ed4.7/big_0013051251116-kqh/8-teller-cuddly-creatures-halloween-tischdeko.jpg...
INFO - Elapsed time: 1027 milliseconds...
DEBUG - Exiting child thread.
DEBUG - Exiting child thread.
DEBUG - Exiting child thread.
DEBUG - Exiting child thread.
DEBUG - Exiting child thread.
DEBUG - Exiting child thread.
DEBUG - Exiting child thread.
DEBUG - Exiting child thread.
DEBUG - Exiting child thread.
DEBUG - Exiting child thread.
